<?xml version="1.0" encoding="UTF-8"?>
<!-- Generated by org.testng.reporters.JUnitReportReporter -->
<testsuite skipped="0" hostname="EPRURYAW0533" name="com.epam.poc.selenium.test.YandexSelenideTest" tests="99" failures="0" timestamp="09 Apr 2017 13:42:32 GMT" time="8996.488" errors="0">
  <testcase name="checkSearchYandexTest" time="98.527" classname="com.epam.poc.selenium.test.YandexSelenideTest"/>
  <testcase name="checkSearchYandexTest" time="73.345" classname="com.epam.poc.selenium.test.YandexSelenideTest"/>
  <testcase name="checkSearchYandexTest" time="76.493" classname="com.epam.poc.selenium.test.YandexSelenideTest"/>
  <testcase name="checkSearchYandexTest" time="100.071" classname="com.epam.poc.selenium.test.YandexSelenideTest"/>
  <testcase name="checkSearchYandexTest" time="96.865" classname="com.epam.poc.selenium.test.YandexSelenideTest"/>
  <testcase name="checkSearchYandexTest" time="96.694" classname="com.epam.poc.selenium.test.YandexSelenideTest"/>
  <testcase name="checkSearchYandexTest" time="97.917" classname="com.epam.poc.selenium.test.YandexSelenideTest"/>
  <testcase name="checkSearchYandexTest" time="100.063" classname="com.epam.poc.selenium.test.YandexSelenideTest"/>
  <testcase name="checkSearchYandexTest" time="96.598" classname="com.epam.poc.selenium.test.YandexSelenideTest"/>
  <testcase name="checkSearchYandexTest" time="97.168" classname="com.epam.poc.selenium.test.YandexSelenideTest"/>
  <testcase name="checkSearchYandexTest" time="99.755" classname="com.epam.poc.selenium.test.YandexSelenideTest"/>
  <testcase name="checkSearchYandexTest" time="28.566" classname="com.epam.poc.selenium.test.YandexSelenideTest"/>
  <testcase name="checkSearchYandexTest" time="71.400" classname="com.epam.poc.selenium.test.YandexSelenideTest"/>
  <testcase name="checkSearchYandexTest" time="98.388" classname="com.epam.poc.selenium.test.YandexSelenideTest"/>
  <testcase name="checkSearchYandexTest" time="99.969" classname="com.epam.poc.selenium.test.YandexSelenideTest"/>
  <testcase name="checkSearchYandexTest" time="20.941" classname="com.epam.poc.selenium.test.YandexSelenideTest"/>
  <testcase name="checkSearchYandexTest" time="95.940" classname="com.epam.poc.selenium.test.YandexSelenideTest"/>
  <testcase name="checkSearchYandexTest" time="96.378" classname="com.epam.poc.selenium.test.YandexSelenideTest"/>
  <testcase name="checkSearchYandexTest" time="96.839" classname="com.epam.poc.selenium.test.YandexSelenideTest"/>
  <testcase name="checkSearchYandexTest" time="97.281" classname="com.epam.poc.selenium.test.YandexSelenideTest"/>
  <testcase name="checkSearchYandexTest" time="95.456" classname="com.epam.poc.selenium.test.YandexSelenideTest"/>
  <testcase name="checkSearchYandexTest" time="96.748" classname="com.epam.poc.selenium.test.YandexSelenideTest"/>
  <testcase name="checkSearchYandexTest" time="96.827" classname="com.epam.poc.selenium.test.YandexSelenideTest"/>
  <testcase name="checkSearchYandexTest" time="98.262" classname="com.epam.poc.selenium.test.YandexSelenideTest"/>
  <testcase name="checkSearchYandexTest" time="97.252" classname="com.epam.poc.selenium.test.YandexSelenideTest"/>
  <testcase name="checkSearchYandexTest" time="97.399" classname="com.epam.poc.selenium.test.YandexSelenideTest"/>
  <testcase name="checkSearchYandexTest" time="97.724" classname="com.epam.poc.selenium.test.YandexSelenideTest"/>
  <testcase name="checkSearchYandexTest" time="96.950" classname="com.epam.poc.selenium.test.YandexSelenideTest"/>
  <testcase name="checkSearchYandexTest" time="98.235" classname="com.epam.poc.selenium.test.YandexSelenideTest"/>
  <testcase name="checkSearchYandexTest" time="98.516" classname="com.epam.poc.selenium.test.YandexSelenideTest"/>
  <testcase name="checkSearchYandexTest" time="101.889" classname="com.epam.poc.selenium.test.YandexSelenideTest"/>
  <testcase name="checkSearchYandexTest" time="74.135" classname="com.epam.poc.selenium.test.YandexSelenideTest"/>
  <testcase name="checkSearchYandexTest" time="97.781" classname="com.epam.poc.selenium.test.YandexSelenideTest"/>
  <testcase name="checkSearchYandexTest" time="97.658" classname="com.epam.poc.selenium.test.YandexSelenideTest"/>
  <testcase name="checkSearchYandexTest" time="98.404" classname="com.epam.poc.selenium.test.YandexSelenideTest"/>
  <testcase name="checkSearchYandexTest" time="97.668" classname="com.epam.poc.selenium.test.YandexSelenideTest"/>
  <testcase name="checkSearchYandexTest" time="96.921" classname="com.epam.poc.selenium.test.YandexSelenideTest"/>
  <testcase name="checkSearchYandexTest" time="95.931" classname="com.epam.poc.selenium.test.YandexSelenideTest"/>
  <testcase name="checkSearchYandexTest" time="95.966" classname="com.epam.poc.selenium.test.YandexSelenideTest"/>
  <testcase name="checkSearchYandexTest" time="96.767" classname="com.epam.poc.selenium.test.YandexSelenideTest"/>
  <testcase name="checkSearchYandexTest" time="97.027" classname="com.epam.poc.selenium.test.YandexSelenideTest"/>
  <testcase name="checkSearchYandexTest" time="97.172" classname="com.epam.poc.selenium.test.YandexSelenideTest"/>
  <testcase name="checkSearchYandexTest" time="77.372" classname="com.epam.poc.selenium.test.YandexSelenideTest"/>
  <testcase name="checkSearchYandexTest" time="96.627" classname="com.epam.poc.selenium.test.YandexSelenideTest"/>
  <testcase name="checkSearchYandexTest" time="69.654" classname="com.epam.poc.selenium.test.YandexSelenideTest"/>
  <testcase name="checkSearchYandexTest" time="103.900" classname="com.epam.poc.selenium.test.YandexSelenideTest"/>
  <testcase name="checkSearchYandexTest" time="69.162" classname="com.epam.poc.selenium.test.YandexSelenideTest"/>
  <testcase name="checkSearchYandexTest" time="99.280" classname="com.epam.poc.selenium.test.YandexSelenideTest"/>
  <testcase name="checkSearchYandexTest" time="96.529" classname="com.epam.poc.selenium.test.YandexSelenideTest"/>
  <testcase name="checkSearchYandexTest" time="96.198" classname="com.epam.poc.selenium.test.YandexSelenideTest"/>
  <testcase name="checkSearchYandexTest" time="97.869" classname="com.epam.poc.selenium.test.YandexSelenideTest"/>
  <testcase name="checkSearchYandexTest" time="102.146" classname="com.epam.poc.selenium.test.YandexSelenideTest"/>
  <testcase name="checkSearchYandexTest" time="95.823" classname="com.epam.poc.selenium.test.YandexSelenideTest"/>
  <testcase name="checkSearchYandexTest" time="95.730" classname="com.epam.poc.selenium.test.YandexSelenideTest"/>
  <testcase name="checkSearchYandexTest" time="75.248" classname="com.epam.poc.selenium.test.YandexSelenideTest"/>
  <testcase name="checkSearchYandexTest" time="98.558" classname="com.epam.poc.selenium.test.YandexSelenideTest"/>
  <testcase name="checkSearchYandexTest" time="98.346" classname="com.epam.poc.selenium.test.YandexSelenideTest"/>
  <testcase name="checkSearchYandexTest" time="95.687" classname="com.epam.poc.selenium.test.YandexSelenideTest"/>
  <testcase name="checkSearchYandexTest" time="99.765" classname="com.epam.poc.selenium.test.YandexSelenideTest"/>
  <testcase name="checkSearchYandexTest" time="97.767" classname="com.epam.poc.selenium.test.YandexSelenideTest"/>
  <testcase name="checkSearchYandexTest" time="22.429" classname="com.epam.poc.selenium.test.YandexSelenideTest"/>
  <testcase name="checkSearchYandexTest" time="95.676" classname="com.epam.poc.selenium.test.YandexSelenideTest"/>
  <testcase name="checkSearchYandexTest" time="96.004" classname="com.epam.poc.selenium.test.YandexSelenideTest"/>
  <testcase name="checkSearchYandexTest" time="97.850" classname="com.epam.poc.selenium.test.YandexSelenideTest"/>
  <testcase name="checkSearchYandexTest" time="79.226" classname="com.epam.poc.selenium.test.YandexSelenideTest"/>
  <testcase name="checkSearchYandexTest" time="95.966" classname="com.epam.poc.selenium.test.YandexSelenideTest"/>
  <testcase name="checkSearchYandexTest" time="97.582" classname="com.epam.poc.selenium.test.YandexSelenideTest"/>
  <testcase name="checkSearchYandexTest" time="96.074" classname="com.epam.poc.selenium.test.YandexSelenideTest"/>
  <testcase name="checkSearchYandexTest" time="104.824" classname="com.epam.poc.selenium.test.YandexSelenideTest"/>
  <testcase name="checkSearchYandexTest" time="95.972" classname="com.epam.poc.selenium.test.YandexSelenideTest"/>
  <testcase name="checkSearchYandexTest" time="96.889" classname="com.epam.poc.selenium.test.YandexSelenideTest"/>
  <testcase name="checkSearchYandexTest" time="96.444" classname="com.epam.poc.selenium.test.YandexSelenideTest"/>
  <testcase name="checkSearchYandexTest" time="22.340" classname="com.epam.poc.selenium.test.YandexSelenideTest"/>
  <testcase name="checkSearchYandexTest" time="97.206" classname="com.epam.poc.selenium.test.YandexSelenideTest"/>
  <testcase name="checkSearchYandexTest" time="70.370" classname="com.epam.poc.selenium.test.YandexSelenideTest"/>
  <testcase name="checkSearchYandexTest" time="24.838" classname="com.epam.poc.selenium.test.YandexSelenideTest"/>
  <testcase name="checkSearchYandexTest" time="98.509" classname="com.epam.poc.selenium.test.YandexSelenideTest"/>
  <testcase name="checkSearchYandexTest" time="96.700" classname="com.epam.poc.selenium.test.YandexSelenideTest"/>
  <testcase name="checkSearchYandexTest" time="98.699" classname="com.epam.poc.selenium.test.YandexSelenideTest"/>
  <testcase name="checkSearchYandexTest" time="97.675" classname="com.epam.poc.selenium.test.YandexSelenideTest"/>
  <testcase name="checkSearchYandexTest" time="97.305" classname="com.epam.poc.selenium.test.YandexSelenideTest"/>
  <testcase name="checkSearchYandexTest" time="96.411" classname="com.epam.poc.selenium.test.YandexSelenideTest"/>
  <testcase name="checkSearchYandexTest" time="98.040" classname="com.epam.poc.selenium.test.YandexSelenideTest"/>
  <testcase name="checkSearchYandexTest" time="72.445" classname="com.epam.poc.selenium.test.YandexSelenideTest"/>
  <testcase name="checkSearchYandexTest" time="100.160" classname="com.epam.poc.selenium.test.YandexSelenideTest"/>
  <testcase name="checkSearchYandexTest" time="97.782" classname="com.epam.poc.selenium.test.YandexSelenideTest"/>
  <testcase name="checkSearchYandexTest" time="97.317" classname="com.epam.poc.selenium.test.YandexSelenideTest"/>
  <testcase name="checkSearchYandexTest" time="75.619" classname="com.epam.poc.selenium.test.YandexSelenideTest"/>
  <testcase name="checkSearchYandexTest" time="78.506" classname="com.epam.poc.selenium.test.YandexSelenideTest"/>
  <testcase name="checkSearchYandexTest" time="97.314" classname="com.epam.poc.selenium.test.YandexSelenideTest"/>
  <testcase name="checkSearchYandexTest" time="100.839" classname="com.epam.poc.selenium.test.YandexSelenideTest"/>
  <testcase name="checkSearchYandexTest" time="97.779" classname="com.epam.poc.selenium.test.YandexSelenideTest"/>
  <testcase name="checkSearchYandexTest" time="97.191" classname="com.epam.poc.selenium.test.YandexSelenideTest"/>
  <testcase name="checkSearchYandexTest" time="96.816" classname="com.epam.poc.selenium.test.YandexSelenideTest"/>
  <testcase name="checkSearchYandexTest" time="97.296" classname="com.epam.poc.selenium.test.YandexSelenideTest"/>
  <testcase name="checkSearchYandexTest" time="96.039" classname="com.epam.poc.selenium.test.YandexSelenideTest"/>
  <testcase name="checkSearchYandexTest" time="98.234" classname="com.epam.poc.selenium.test.YandexSelenideTest"/>
  <testcase name="checkSearchYandexTest" time="97.983" classname="com.epam.poc.selenium.test.YandexSelenideTest"/>
  <testcase name="checkSearchYandexTest" time="96.592" classname="com.epam.poc.selenium.test.YandexSelenideTest"/>
</testsuite> <!-- com.epam.poc.selenium.test.YandexSelenideTest -->
