<?xml version="1.0" encoding="UTF-8"?>
<!-- Generated by org.testng.reporters.JUnitReportReporter -->
<testsuite skipped="0" hostname="EPRURYAW0533" name="com.github.senin24.selenidegridpoc.test.YandexSelenideTest" tests="99" failures="0" timestamp="09 Apr 2017 15:27:42 GMT" time="1366.156" errors="0">
  <testcase name="checkSearchYandexTest" time="13.288" classname="com.github.senin24.selenidegridpoc.test.YandexSelenideTest"/>
  <testcase name="checkSearchYandexTest" time="10.975" classname="com.github.senin24.selenidegridpoc.test.YandexSelenideTest"/>
  <testcase name="checkSearchYandexTest" time="12.227" classname="com.github.senin24.selenidegridpoc.test.YandexSelenideTest"/>
  <testcase name="checkSearchYandexTest" time="12.908" classname="com.github.senin24.selenidegridpoc.test.YandexSelenideTest"/>
  <testcase name="checkSearchYandexTest" time="13.593" classname="com.github.senin24.selenidegridpoc.test.YandexSelenideTest"/>
  <testcase name="checkSearchYandexTest" time="11.756" classname="com.github.senin24.selenidegridpoc.test.YandexSelenideTest"/>
  <testcase name="checkSearchYandexTest" time="13.175" classname="com.github.senin24.selenidegridpoc.test.YandexSelenideTest"/>
  <testcase name="checkSearchYandexTest" time="11.747" classname="com.github.senin24.selenidegridpoc.test.YandexSelenideTest"/>
  <testcase name="checkSearchYandexTest" time="18.698" classname="com.github.senin24.selenidegridpoc.test.YandexSelenideTest"/>
  <testcase name="checkSearchYandexTest" time="12.315" classname="com.github.senin24.selenidegridpoc.test.YandexSelenideTest"/>
  <testcase name="checkSearchYandexTest" time="13.275" classname="com.github.senin24.selenidegridpoc.test.YandexSelenideTest"/>
  <testcase name="checkSearchYandexTest" time="13.685" classname="com.github.senin24.selenidegridpoc.test.YandexSelenideTest"/>
  <testcase name="checkSearchYandexTest" time="12.433" classname="com.github.senin24.selenidegridpoc.test.YandexSelenideTest"/>
  <testcase name="checkSearchYandexTest" time="12.760" classname="com.github.senin24.selenidegridpoc.test.YandexSelenideTest"/>
  <testcase name="checkSearchYandexTest" time="12.562" classname="com.github.senin24.selenidegridpoc.test.YandexSelenideTest"/>
  <testcase name="checkSearchYandexTest" time="11.894" classname="com.github.senin24.selenidegridpoc.test.YandexSelenideTest"/>
  <testcase name="checkSearchYandexTest" time="13.762" classname="com.github.senin24.selenidegridpoc.test.YandexSelenideTest"/>
  <testcase name="checkSearchYandexTest" time="12.345" classname="com.github.senin24.selenidegridpoc.test.YandexSelenideTest"/>
  <testcase name="checkSearchYandexTest" time="13.811" classname="com.github.senin24.selenidegridpoc.test.YandexSelenideTest"/>
  <testcase name="checkSearchYandexTest" time="14.544" classname="com.github.senin24.selenidegridpoc.test.YandexSelenideTest"/>
  <testcase name="checkSearchYandexTest" time="13.284" classname="com.github.senin24.selenidegridpoc.test.YandexSelenideTest"/>
  <testcase name="checkSearchYandexTest" time="13.293" classname="com.github.senin24.selenidegridpoc.test.YandexSelenideTest"/>
  <testcase name="checkSearchYandexTest" time="15.653" classname="com.github.senin24.selenidegridpoc.test.YandexSelenideTest"/>
  <testcase name="checkSearchYandexTest" time="13.308" classname="com.github.senin24.selenidegridpoc.test.YandexSelenideTest"/>
  <testcase name="checkSearchYandexTest" time="13.169" classname="com.github.senin24.selenidegridpoc.test.YandexSelenideTest"/>
  <testcase name="checkSearchYandexTest" time="12.751" classname="com.github.senin24.selenidegridpoc.test.YandexSelenideTest"/>
  <testcase name="checkSearchYandexTest" time="16.215" classname="com.github.senin24.selenidegridpoc.test.YandexSelenideTest"/>
  <testcase name="checkSearchYandexTest" time="12.958" classname="com.github.senin24.selenidegridpoc.test.YandexSelenideTest"/>
  <testcase name="checkSearchYandexTest" time="12.782" classname="com.github.senin24.selenidegridpoc.test.YandexSelenideTest"/>
  <testcase name="checkSearchYandexTest" time="10.403" classname="com.github.senin24.selenidegridpoc.test.YandexSelenideTest"/>
  <testcase name="checkSearchYandexTest" time="11.995" classname="com.github.senin24.selenidegridpoc.test.YandexSelenideTest"/>
  <testcase name="checkSearchYandexTest" time="13.033" classname="com.github.senin24.selenidegridpoc.test.YandexSelenideTest"/>
  <testcase name="checkSearchYandexTest" time="13.080" classname="com.github.senin24.selenidegridpoc.test.YandexSelenideTest"/>
  <testcase name="checkSearchYandexTest" time="17.124" classname="com.github.senin24.selenidegridpoc.test.YandexSelenideTest"/>
  <testcase name="checkSearchYandexTest" time="11.999" classname="com.github.senin24.selenidegridpoc.test.YandexSelenideTest"/>
  <testcase name="checkSearchYandexTest" time="12.440" classname="com.github.senin24.selenidegridpoc.test.YandexSelenideTest"/>
  <testcase name="checkSearchYandexTest" time="13.800" classname="com.github.senin24.selenidegridpoc.test.YandexSelenideTest"/>
  <testcase name="checkSearchYandexTest" time="13.752" classname="com.github.senin24.selenidegridpoc.test.YandexSelenideTest"/>
  <testcase name="checkSearchYandexTest" time="15.147" classname="com.github.senin24.selenidegridpoc.test.YandexSelenideTest"/>
  <testcase name="checkSearchYandexTest" time="26.362" classname="com.github.senin24.selenidegridpoc.test.YandexSelenideTest"/>
  <testcase name="checkSearchYandexTest" time="13.544" classname="com.github.senin24.selenidegridpoc.test.YandexSelenideTest"/>
  <testcase name="checkSearchYandexTest" time="14.612" classname="com.github.senin24.selenidegridpoc.test.YandexSelenideTest"/>
  <testcase name="checkSearchYandexTest" time="12.132" classname="com.github.senin24.selenidegridpoc.test.YandexSelenideTest"/>
  <testcase name="checkSearchYandexTest" time="15.278" classname="com.github.senin24.selenidegridpoc.test.YandexSelenideTest"/>
  <testcase name="checkSearchYandexTest" time="27.695" classname="com.github.senin24.selenidegridpoc.test.YandexSelenideTest"/>
  <testcase name="checkSearchYandexTest" time="12.496" classname="com.github.senin24.selenidegridpoc.test.YandexSelenideTest"/>
  <testcase name="checkSearchYandexTest" time="12.017" classname="com.github.senin24.selenidegridpoc.test.YandexSelenideTest"/>
  <testcase name="checkSearchYandexTest" time="14.983" classname="com.github.senin24.selenidegridpoc.test.YandexSelenideTest"/>
  <testcase name="checkSearchYandexTest" time="13.074" classname="com.github.senin24.selenidegridpoc.test.YandexSelenideTest"/>
  <testcase name="checkSearchYandexTest" time="12.503" classname="com.github.senin24.selenidegridpoc.test.YandexSelenideTest"/>
  <testcase name="checkSearchYandexTest" time="13.826" classname="com.github.senin24.selenidegridpoc.test.YandexSelenideTest"/>
  <testcase name="checkSearchYandexTest" time="13.358" classname="com.github.senin24.selenidegridpoc.test.YandexSelenideTest"/>
  <testcase name="checkSearchYandexTest" time="12.786" classname="com.github.senin24.selenidegridpoc.test.YandexSelenideTest"/>
  <testcase name="checkSearchYandexTest" time="27.789" classname="com.github.senin24.selenidegridpoc.test.YandexSelenideTest"/>
  <testcase name="checkSearchYandexTest" time="12.172" classname="com.github.senin24.selenidegridpoc.test.YandexSelenideTest"/>
  <testcase name="checkSearchYandexTest" time="13.335" classname="com.github.senin24.selenidegridpoc.test.YandexSelenideTest"/>
  <testcase name="checkSearchYandexTest" time="13.012" classname="com.github.senin24.selenidegridpoc.test.YandexSelenideTest"/>
  <testcase name="checkSearchYandexTest" time="12.122" classname="com.github.senin24.selenidegridpoc.test.YandexSelenideTest"/>
  <testcase name="checkSearchYandexTest" time="12.760" classname="com.github.senin24.selenidegridpoc.test.YandexSelenideTest"/>
  <testcase name="checkSearchYandexTest" time="13.291" classname="com.github.senin24.selenidegridpoc.test.YandexSelenideTest"/>
  <testcase name="checkSearchYandexTest" time="14.219" classname="com.github.senin24.selenidegridpoc.test.YandexSelenideTest"/>
  <testcase name="checkSearchYandexTest" time="12.085" classname="com.github.senin24.selenidegridpoc.test.YandexSelenideTest"/>
  <testcase name="checkSearchYandexTest" time="15.405" classname="com.github.senin24.selenidegridpoc.test.YandexSelenideTest"/>
  <testcase name="checkSearchYandexTest" time="12.490" classname="com.github.senin24.selenidegridpoc.test.YandexSelenideTest"/>
  <testcase name="checkSearchYandexTest" time="12.371" classname="com.github.senin24.selenidegridpoc.test.YandexSelenideTest"/>
  <testcase name="checkSearchYandexTest" time="15.309" classname="com.github.senin24.selenidegridpoc.test.YandexSelenideTest"/>
  <testcase name="checkSearchYandexTest" time="12.917" classname="com.github.senin24.selenidegridpoc.test.YandexSelenideTest"/>
  <testcase name="checkSearchYandexTest" time="12.744" classname="com.github.senin24.selenidegridpoc.test.YandexSelenideTest"/>
  <testcase name="checkSearchYandexTest" time="13.904" classname="com.github.senin24.selenidegridpoc.test.YandexSelenideTest"/>
  <testcase name="checkSearchYandexTest" time="12.464" classname="com.github.senin24.selenidegridpoc.test.YandexSelenideTest"/>
  <testcase name="checkSearchYandexTest" time="12.289" classname="com.github.senin24.selenidegridpoc.test.YandexSelenideTest"/>
  <testcase name="checkSearchYandexTest" time="11.905" classname="com.github.senin24.selenidegridpoc.test.YandexSelenideTest"/>
  <testcase name="checkSearchYandexTest" time="12.224" classname="com.github.senin24.selenidegridpoc.test.YandexSelenideTest"/>
  <testcase name="checkSearchYandexTest" time="27.085" classname="com.github.senin24.selenidegridpoc.test.YandexSelenideTest"/>
  <testcase name="checkSearchYandexTest" time="12.848" classname="com.github.senin24.selenidegridpoc.test.YandexSelenideTest"/>
  <testcase name="checkSearchYandexTest" time="13.536" classname="com.github.senin24.selenidegridpoc.test.YandexSelenideTest"/>
  <testcase name="checkSearchYandexTest" time="14.438" classname="com.github.senin24.selenidegridpoc.test.YandexSelenideTest"/>
  <testcase name="checkSearchYandexTest" time="10.186" classname="com.github.senin24.selenidegridpoc.test.YandexSelenideTest"/>
  <testcase name="checkSearchYandexTest" time="12.243" classname="com.github.senin24.selenidegridpoc.test.YandexSelenideTest"/>
  <testcase name="checkSearchYandexTest" time="11.954" classname="com.github.senin24.selenidegridpoc.test.YandexSelenideTest"/>
  <testcase name="checkSearchYandexTest" time="12.316" classname="com.github.senin24.selenidegridpoc.test.YandexSelenideTest"/>
  <testcase name="checkSearchYandexTest" time="11.921" classname="com.github.senin24.selenidegridpoc.test.YandexSelenideTest"/>
  <testcase name="checkSearchYandexTest" time="12.524" classname="com.github.senin24.selenidegridpoc.test.YandexSelenideTest"/>
  <testcase name="checkSearchYandexTest" time="13.816" classname="com.github.senin24.selenidegridpoc.test.YandexSelenideTest"/>
  <testcase name="checkSearchYandexTest" time="13.213" classname="com.github.senin24.selenidegridpoc.test.YandexSelenideTest"/>
  <testcase name="checkSearchYandexTest" time="13.802" classname="com.github.senin24.selenidegridpoc.test.YandexSelenideTest"/>
  <testcase name="checkSearchYandexTest" time="13.216" classname="com.github.senin24.selenidegridpoc.test.YandexSelenideTest"/>
  <testcase name="checkSearchYandexTest" time="13.065" classname="com.github.senin24.selenidegridpoc.test.YandexSelenideTest"/>
  <testcase name="checkSearchYandexTest" time="12.538" classname="com.github.senin24.selenidegridpoc.test.YandexSelenideTest"/>
  <testcase name="checkSearchYandexTest" time="13.165" classname="com.github.senin24.selenidegridpoc.test.YandexSelenideTest"/>
  <testcase name="checkSearchYandexTest" time="11.602" classname="com.github.senin24.selenidegridpoc.test.YandexSelenideTest"/>
  <testcase name="checkSearchYandexTest" time="11.811" classname="com.github.senin24.selenidegridpoc.test.YandexSelenideTest"/>
  <testcase name="checkSearchYandexTest" time="13.261" classname="com.github.senin24.selenidegridpoc.test.YandexSelenideTest"/>
  <testcase name="checkSearchYandexTest" time="13.190" classname="com.github.senin24.selenidegridpoc.test.YandexSelenideTest"/>
  <testcase name="checkSearchYandexTest" time="12.655" classname="com.github.senin24.selenidegridpoc.test.YandexSelenideTest"/>
  <testcase name="checkSearchYandexTest" time="14.259" classname="com.github.senin24.selenidegridpoc.test.YandexSelenideTest"/>
  <testcase name="checkSearchYandexTest" time="11.997" classname="com.github.senin24.selenidegridpoc.test.YandexSelenideTest"/>
  <testcase name="checkSearchYandexTest" time="25.482" classname="com.github.senin24.selenidegridpoc.test.YandexSelenideTest"/>
  <testcase name="checkSearchYandexTest" time="12.621" classname="com.github.senin24.selenidegridpoc.test.YandexSelenideTest"/>
</testsuite> <!-- com.github.senin24.selenidegridpoc.test.YandexSelenideTest -->
